mktextfm ptmr8t
mktextfm ptmr8t
mktextfm ptmr8t
mktextfm phvr8t
mktextfm phvb8t
mktextfm nullfont
mktextfm phvb8t
mktextfm nullfont
mktextfm pcrr8t
mktextfm pcrb8t
mktextfm nullfont
mktextfm pcrb8t
mktextfm nullfont
mktextfm ptmr8t
mktextfm ptmb8t
mktextfm nullfont
mktextfm ptmb8t
mktextfm nullfont
mktextfm pcrr8t
mktextfm ptmr8t
mktextfm ptmr8t
mktextfm ptmr8t
mktextfm pcrr8t
mktextfm ptmb8t
mktextfm nullfont
mktextfm ptmro8t
mktextfm ptmri8t
mktextfm pcrb8t
mktextfm nullfont
mktextfm ptmrc8t
mktextfm phvr8t
mktextfm phvb8t
mktextfm nullfont
mktextfm ptmbi8t
mktextfm nullfont
